This file contains any messages produced by compilers while
running configure, to aid debugging if configure makes a mistake.

It was created by QRencode configure 4.0.2, which was
generated by GNU Autoconf 2.69.  Invocation command line was

  $ ./configure 

## --------- ##
## Platform. ##
## --------- ##

hostname = nDEX
uname -m = x86_64
uname -r = 4.15.0-59-generic
uname -s = Linux
uname -v = #66-Ubuntu SMP Wed Aug 14 10:56:44 UTC 2019

/usr/bin/uname -p = unknown
/bin/uname -X     = unknown

/bin/arch              = unknown
/usr/bin/arch -k       = unknown
/usr/convex/getsysinfo = unknown
/usr/bin/hostinfo      = unknown
/bin/machine           = unknown
/usr/bin/oslevel       = unknown
/bin/universe          = unknown

PATH: /home/linuxbrew/.linuxbrew/bin
PATH: /home/ndex/.rvm/gems/ruby-2.6.1/bin
PATH: /home/ndex/.rvm/gems/ruby-2.6.1@global/bin
PATH: /home/ndex/.rvm/rubies/ruby-2.6.1/bin
PATH: /home/ndex/.local/bin
PATH: /home/ndex/.nvm/versions/node/v10.16.3/bin
PATH: /home/ndex/.local/bin
PATH: /usr/local/sbin
PATH: /usr/local/bin
PATH: /usr/sbin
PATH: /usr/bin
PATH: /sbin
PATH: /bin
PATH: /usr/games
PATH: /usr/local/games
PATH: /snap/bin
PATH: /home/ndex/.rvm/bin
PATH: /home/ndex/.rvm/bin
PATH: /home/ndex/.rvm/bin
PATH: /home/ndex/.rvm/bin
PATH: /home/ndex/.rvm/bin
PATH: /home/ndex/.rvm/bin
PATH: /home/ndex/.rvm/bin
PATH: /home/ndex/.rvm/bin
PATH: /home/ndex/.rvm/bin
PATH: /home/ndex/.rvm/bin
PATH: /home/ndex/.rvm/bin
PATH: /home/ndex/.rvm/bin
PATH: /home/ndex/.rvm/bin
PATH: /home/ndex/.rvm/bin
PATH: /home/ndex/.rvm/bin
PATH: /home/ndex/.rvm/bin
PATH: /home/ndex/.rvm/bin
PATH: /home/ndex/.rvm/bin
PATH: /home/ndex/.rvm/bin
PATH: /home/ndex/.rvm/bin
PATH: /home/ndex/.rvm/bin


## ----------- ##
## Core tests. ##
## ----------- ##

configure:2262: checking build system type
configure:2276: result: x86_64-unknown-linux-gnu
configure:2296: checking host system type
configure:2309: result: x86_64-unknown-linux-gnu
configure:2329: checking target system type
configure:2342: result: x86_64-unknown-linux-gnu
configure:2385: checking for a BSD-compatible install
configure:2453: result: /usr/bin/install -c
configure:2464: checking whether build environment is sane
configure:2519: result: yes
configure:2670: checking for a thread-safe mkdir -p
configure:2709: result: /bin/mkdir -p
configure:2716: checking for gawk
configure:2732: found /usr/bin/gawk
configure:2743: result: gawk
configure:2754: checking whether make sets $(MAKE)
configure:2776: result: yes
configure:2805: checking whether make supports nested variables
configure:2822: result: yes
configure:2992: checking for style of include used by make
configure:3020: result: GNU
configure:3091: checking for gcc
configure:3107: found /usr/bin/gcc
configure:3118: result: gcc
configure:3347: checking for C compiler version
configure:3356: gcc --version >&5
gcc (Ubuntu 7.4.0-1ubuntu1~18.04.1) 7.4.0
Copyright (C) 2017 Free Software Foundation, Inc.
This is free software; see the source for copying conditions.  There is NO
warranty; not even for MERCHANTABILITY or FITNESS FOR A PARTICULAR PURPOSE.

configure:3367: $? = 0
configure:3356: gcc -v >&5
Using built-in specs.
COLLECT_GCC=gcc
COLLECT_LTO_WRAPPER=/usr/lib/gcc/x86_64-linux-gnu/7/lto-wrapper
OFFLOAD_TARGET_NAMES=nvptx-none
OFFLOAD_TARGET_DEFAULT=1
Target: x86_64-linux-gnu
Configured with: ../src/configure -v --with-pkgversion='Ubuntu 7.4.0-1ubuntu1~18.04.1' --with-bugurl=file:///usr/share/doc/gcc-7/README.Bugs --enable-languages=c,ada,c++,go,brig,d,fortran,objc,obj-c++ --prefix=/usr --with-gcc-major-version-only --program-suffix=-7 --program-prefix=x86_64-linux-gnu- --enable-shared --enable-linker-build-id --libexecdir=/usr/lib --without-included-gettext --enable-threads=posix --libdir=/usr/lib --enable-nls --with-sysroot=/ --enable-clocale=gnu --enable-libstdcxx-debug --enable-libstdcxx-time=yes --with-default-libstdcxx-abi=new --enable-gnu-unique-object --disable-vtable-verify --enable-libmpx --enable-plugin --enable-default-pie --with-system-zlib --with-target-system-zlib --enable-objc-gc=auto --enable-multiarch --disable-werror --with-arch-32=i686 --with-abi=m64 --with-multilib-list=m32,m64,mx32 --enable-multilib --with-tune=generic --enable-offload-targets=nvptx-none --without-cuda-driver --enable-checking=release --build=x86_64-linux-gnu --host=x86_64-linux-gnu --target=x86_64-linux-gnu
Thread model: posix
gcc version 7.4.0 (Ubuntu 7.4.0-1ubuntu1~18.04.1) 
configure:3367: $? = 0
configure:3356: gcc -V >&5
gcc: error: unrecognized command line option '-V'
gcc: fatal error: no input files
compilation terminated.
configure:3367: $? = 1
configure:3356: gcc -qversion >&5
gcc: error: unrecognized command line option '-qversion'; did you mean '--version'?
gcc: fatal error: no input files
compilation terminated.
configure:3367: $? = 1
configure:3387: checking whether the C compiler works
configure:3409: gcc    conftest.c  >&5
configure:3413: $? = 0
configure:3461: result: yes
configure:3464: checking for C compiler default output file name
configure:3466: result: a.out
configure:3472: checking for suffix of executables
configure:3479: gcc -o conftest    conftest.c  >&5
configure:3483: $? = 0
configure:3505: result: 
configure:3527: checking whether we are cross compiling
configure:3535: gcc -o conftest    conftest.c  >&5
configure:3539: $? = 0
configure:3546: ./conftest
configure:3550: $? = 0
configure:3565: result: no
configure:3570: checking for suffix of object files
configure:3592: gcc -c   conftest.c >&5
configure:3596: $? = 0
configure:3617: result: o
configure:3621: checking whether we are using the GNU C compiler
configure:3640: gcc -c   conftest.c >&5
configure:3640: $? = 0
configure:3649: result: yes
configure:3658: checking whether gcc accepts -g
configure:3678: gcc -c -g  conftest.c >&5
configure:3678: $? = 0
configure:3719: result: yes
configure:3736: checking for gcc option to accept ISO C89
configure:3799: gcc  -c -g -O2  conftest.c >&5
configure:3799: $? = 0
configure:3812: result: none needed
configure:3837: checking whether gcc understands -c and -o together
configure:3859: gcc -c conftest.c -o conftest2.o
configure:3862: $? = 0
configure:3859: gcc -c conftest.c -o conftest2.o
configure:3862: $? = 0
configure:3874: result: yes
configure:3893: checking dependency style of gcc
configure:4004: result: gcc3
configure:4020: checking for an ANSI C-conforming const
configure:4086: gcc -c -g -O2  conftest.c >&5
configure:4086: $? = 0
configure:4093: result: yes
configure:4101: checking for inline
configure:4117: gcc -c -g -O2  conftest.c >&5
configure:4117: $? = 0
configure:4125: result: inline
configure:4148: checking how to run the C preprocessor
configure:4179: gcc -E  conftest.c
configure:4179: $? = 0
configure:4193: gcc -E  conftest.c
conftest.c:14:10: fatal error: ac_nonexistent.h: No such file or directory
 #include <ac_nonexistent.h>
          ^~~~~~~~~~~~~~~~~~
compilation terminated.
configure:4193: $? = 1
configure: failed program was:
| /* confdefs.h */
| #define PACKAGE_NAME "QRencode"
| #define PACKAGE_TARNAME "qrencode"
| #define PACKAGE_VERSION "4.0.2"
| #define PACKAGE_STRING "QRencode 4.0.2"
| #define PACKAGE_BUGREPORT ""
| #define PACKAGE_URL ""
| #define MAJOR_VERSION 4
| #define MINOR_VERSION 0
| #define MICRO_VERSION 2
| #define PACKAGE "qrencode"
| #define VERSION "4.0.2"
| /* end confdefs.h.  */
| #include <ac_nonexistent.h>
configure:4218: result: gcc -E
configure:4238: gcc -E  conftest.c
configure:4238: $? = 0
configure:4252: gcc -E  conftest.c
conftest.c:14:10: fatal error: ac_nonexistent.h: No such file or directory
 #include <ac_nonexistent.h>
          ^~~~~~~~~~~~~~~~~~
compilation terminated.
configure:4252: $? = 1
configure: failed program was:
| /* confdefs.h */
| #define PACKAGE_NAME "QRencode"
| #define PACKAGE_TARNAME "qrencode"
| #define PACKAGE_VERSION "4.0.2"
| #define PACKAGE_STRING "QRencode 4.0.2"
| #define PACKAGE_BUGREPORT ""
| #define PACKAGE_URL ""
| #define MAJOR_VERSION 4
| #define MINOR_VERSION 0
| #define MICRO_VERSION 2
| #define PACKAGE "qrencode"
| #define VERSION "4.0.2"
| /* end confdefs.h.  */
| #include <ac_nonexistent.h>
configure:4281: checking for grep that handles long lines and -e
configure:4339: result: /bin/grep
configure:4344: checking for egrep
configure:4406: result: /bin/grep -E
configure:4411: checking for ANSI C header files
configure:4431: gcc -c -g -O2  conftest.c >&5
configure:4431: $? = 0
configure:4504: gcc -o conftest -g -O2   conftest.c  >&5
configure:4504: $? = 0
configure:4504: ./conftest
configure:4504: $? = 0
configure:4515: result: yes
configure:4570: checking how to print strings
configure:4597: result: printf
configure:4618: checking for a sed that does not truncate output
configure:4682: result: /bin/sed
configure:4700: checking for fgrep
configure:4762: result: /bin/grep -F
configure:4797: checking for ld used by gcc
configure:4864: result: /usr/bin/ld
configure:4871: checking if the linker (/usr/bin/ld) is GNU ld
configure:4886: result: yes
configure:4898: checking for BSD- or MS-compatible name lister (nm)
configure:4952: result: /usr/bin/nm -B
configure:5082: checking the name lister (/usr/bin/nm -B) interface
configure:5089: gcc -c -g -O2  conftest.c >&5
configure:5092: /usr/bin/nm -B "conftest.o"
configure:5095: output
0000000000000000 B some_variable
configure:5102: result: BSD nm
configure:5105: checking whether ln -s works
configure:5109: result: yes
configure:5117: checking the maximum length of command line arguments
configure:5248: result: 1572864
configure:5296: checking how to convert x86_64-unknown-linux-gnu file names to x86_64-unknown-linux-gnu format
configure:5336: result: func_convert_file_noop
configure:5343: checking how to convert x86_64-unknown-linux-gnu file names to toolchain format
configure:5363: result: func_convert_file_noop
configure:5370: checking for /usr/bin/ld option to reload object files
configure:5377: result: -r
configure:5451: checking for objdump
configure:5467: found /usr/bin/objdump
configure:5478: result: objdump
configure:5510: checking how to recognize dependent libraries
configure:5710: result: pass_all
configure:5795: checking for dlltool
configure:5825: result: no
configure:5855: checking how to associate runtime and link libraries
configure:5882: result: printf %s\n
configure:5942: checking for ar
configure:5958: found /usr/bin/ar
configure:5969: result: ar
configure:6006: checking for archiver @FILE support
configure:6023: gcc -c -g -O2  conftest.c >&5
configure:6023: $? = 0
configure:6026: ar cru libconftest.a @conftest.lst >&5
ar: `u' modifier ignored since `D' is the default (see `U')
configure:6029: $? = 0
configure:6034: ar cru libconftest.a @conftest.lst >&5
ar: `u' modifier ignored since `D' is the default (see `U')
ar: conftest.o: No such file or directory
configure:6037: $? = 1
configure:6049: result: @
configure:6107: checking for strip
configure:6123: found /usr/bin/strip
configure:6134: result: strip
configure:6206: checking for ranlib
configure:6222: found /usr/bin/ranlib
configure:6233: result: ranlib
configure:6335: checking command to parse /usr/bin/nm -B output from gcc object
configure:6488: gcc -c -g -O2  conftest.c >&5
configure:6491: $? = 0
configure:6495: /usr/bin/nm -B conftest.o \| sed -n -e 's/^.*[ ]\([ABCDGIRSTW][ABCDGIRSTW]*\)[ ][ ]*\([_A-Za-z][_A-Za-z0-9]*\)$/\1 \2 \2/p' | sed '/ __gnu_lto/d' \> conftest.nm
configure:6498: $? = 0
configure:6564: gcc -o conftest -g -O2   conftest.c conftstm.o >&5
configure:6567: $? = 0
configure:6605: result: ok
configure:6652: checking for sysroot
configure:6682: result: no
configure:6689: checking for a working dd
configure:6727: result: /bin/dd
configure:6731: checking how to truncate binary pipes
configure:6746: result: /bin/dd bs=4096 count=1
configure:6882: gcc -c -g -O2  conftest.c >&5
configure:6885: $? = 0
configure:7075: checking for mt
configure:7091: found /bin/mt
configure:7102: result: mt
configure:7125: checking if mt is a manifest tool
configure:7131: mt '-?'
configure:7139: result: no
configure:7816: checking for sys/types.h
configure:7816: gcc -c -g -O2  conftest.c >&5
configure:7816: $? = 0
configure:7816: result: yes
configure:7816: checking for sys/stat.h
configure:7816: gcc -c -g -O2  conftest.c >&5
configure:7816: $? = 0
configure:7816: result: yes
configure:7816: checking for stdlib.h
configure:7816: gcc -c -g -O2  conftest.c >&5
configure:7816: $? = 0
configure:7816: result: yes
configure:7816: checking for string.h
configure:7816: gcc -c -g -O2  conftest.c >&5
configure:7816: $? = 0
configure:7816: result: yes
configure:7816: checking for memory.h
configure:7816: gcc -c -g -O2  conftest.c >&5
configure:7816: $? = 0
configure:7816: result: yes
configure:7816: checking for strings.h
configure:7816: gcc -c -g -O2  conftest.c >&5
configure:7816: $? = 0
configure:7816: result: yes
configure:7816: checking for inttypes.h
configure:7816: gcc -c -g -O2  conftest.c >&5
configure:7816: $? = 0
configure:7816: result: yes
configure:7816: checking for stdint.h
configure:7816: gcc -c -g -O2  conftest.c >&5
configure:7816: $? = 0
configure:7816: result: yes
configure:7816: checking for unistd.h
configure:7816: gcc -c -g -O2  conftest.c >&5
configure:7816: $? = 0
configure:7816: result: yes
configure:7830: checking for dlfcn.h
configure:7830: gcc -c -g -O2  conftest.c >&5
configure:7830: $? = 0
configure:7830: result: yes
configure:8056: checking for objdir
configure:8071: result: .libs
configure:8331: checking if gcc supports -fno-rtti -fno-exceptions
configure:8349: gcc -c -g -O2  -fno-rtti -fno-exceptions conftest.c >&5
cc1: warning: command line option '-fno-rtti' is valid for C++/ObjC++ but not for C
configure:8353: $? = 0
configure:8366: result: no
configure:8724: checking for gcc option to produce PIC
configure:8731: result: -fPIC -DPIC
configure:8739: checking if gcc PIC flag -fPIC -DPIC works
configure:8757: gcc -c -g -O2  -fPIC -DPIC -DPIC conftest.c >&5
configure:8761: $? = 0
configure:8774: result: yes
configure:8803: checking if gcc static flag -static works
configure:8831: result: yes
configure:8846: checking if gcc supports -c -o file.o
configure:8867: gcc -c -g -O2  -o out/conftest2.o conftest.c >&5
configure:8871: $? = 0
configure:8893: result: yes
configure:8901: checking if gcc supports -c -o file.o
configure:8948: result: yes
configure:8981: checking whether the gcc linker (/usr/bin/ld -m elf_x86_64) supports shared libraries
configure:10244: result: yes
configure:10281: checking whether -lc should be explicitly linked in
configure:10289: gcc -c -g -O2  conftest.c >&5
configure:10292: $? = 0
configure:10307: gcc -shared  -fPIC -DPIC conftest.o  -v -Wl,-soname -Wl,conftest -o conftest 2\>\&1 \| /bin/grep  -lc  \>/dev/null 2\>\&1
configure:10310: $? = 0
configure:10324: result: no
configure:10484: checking dynamic linker characteristics
configure:11065: gcc -o conftest -g -O2   -Wl,-rpath -Wl,/foo conftest.c  >&5
configure:11065: $? = 0
configure:11314: result: GNU/Linux ld.so
configure:11436: checking how to hardcode library paths into programs
configure:11461: result: immediate
configure:12009: checking whether stripping libraries is possible
configure:12014: result: yes
configure:12049: checking if libtool supports shared libraries
configure:12051: result: yes
configure:12054: checking whether to build shared libraries
configure:12079: result: yes
configure:12082: checking whether to build static libraries
configure:12086: result: no
configure:12171: checking for gcc
configure:12198: result: gcc
configure:12427: checking for C compiler version
configure:12436: gcc --version >&5
gcc (Ubuntu 7.4.0-1ubuntu1~18.04.1) 7.4.0
Copyright (C) 2017 Free Software Foundation, Inc.
This is free software; see the source for copying conditions.  There is NO
warranty; not even for MERCHANTABILITY or FITNESS FOR A PARTICULAR PURPOSE.

configure:12447: $? = 0
configure:12436: gcc -v >&5
Using built-in specs.
COLLECT_GCC=gcc
COLLECT_LTO_WRAPPER=/usr/lib/gcc/x86_64-linux-gnu/7/lto-wrapper
OFFLOAD_TARGET_NAMES=nvptx-none
OFFLOAD_TARGET_DEFAULT=1
Target: x86_64-linux-gnu
Configured with: ../src/configure -v --with-pkgversion='Ubuntu 7.4.0-1ubuntu1~18.04.1' --with-bugurl=file:///usr/share/doc/gcc-7/README.Bugs --enable-languages=c,ada,c++,go,brig,d,fortran,objc,obj-c++ --prefix=/usr --with-gcc-major-version-only --program-suffix=-7 --program-prefix=x86_64-linux-gnu- --enable-shared --enable-linker-build-id --libexecdir=/usr/lib --without-included-gettext --enable-threads=posix --libdir=/usr/lib --enable-nls --with-sysroot=/ --enable-clocale=gnu --enable-libstdcxx-debug --enable-libstdcxx-time=yes --with-default-libstdcxx-abi=new --enable-gnu-unique-object --disable-vtable-verify --enable-libmpx --enable-plugin --enable-default-pie --with-system-zlib --with-target-system-zlib --enable-objc-gc=auto --enable-multiarch --disable-werror --with-arch-32=i686 --with-abi=m64 --with-multilib-list=m32,m64,mx32 --enable-multilib --with-tune=generic --enable-offload-targets=nvptx-none --without-cuda-driver --enable-checking=release --build=x86_64-linux-gnu --host=x86_64-linux-gnu --target=x86_64-linux-gnu
Thread model: posix
gcc version 7.4.0 (Ubuntu 7.4.0-1ubuntu1~18.04.1) 
configure:12447: $? = 0
configure:12436: gcc -V >&5
gcc: error: unrecognized command line option '-V'
gcc: fatal error: no input files
compilation terminated.
configure:12447: $? = 1
configure:12436: gcc -qversion >&5
gcc: error: unrecognized command line option '-qversion'; did you mean '--version'?
gcc: fatal error: no input files
compilation terminated.
configure:12447: $? = 1
configure:12451: checking whether we are using the GNU C compiler
configure:12479: result: yes
configure:12488: checking whether gcc accepts -g
configure:12549: result: yes
configure:12566: checking for gcc option to accept ISO C89
configure:12642: result: none needed
configure:12667: checking whether gcc understands -c and -o together
configure:12704: result: yes
configure:12723: checking dependency style of gcc
configure:12834: result: gcc3
configure:12906: checking for pkg-config
configure:12924: found /usr/bin/pkg-config
configure:12936: result: /usr/bin/pkg-config
configure:12961: checking pkg-config is at least version 0.9.0
configure:12964: result: yes
configure:12991: checking for strdup
configure:12991: gcc -o conftest -g -O2   conftest.c  >&5
conftest.c:49:6: warning: conflicting types for built-in function 'strdup' [-Wbuiltin-declaration-mismatch]
 char strdup ();
      ^~~~~~
configure:12991: $? = 0
configure:12991: result: yes
configure:13010: checking for pthread_mutex_init in -lpthread
configure:13035: gcc -o conftest -g -O2   conftest.c -lpthread   >&5
configure:13035: $? = 0
configure:13044: result: yes
configure:13097: checking for png
configure:13104: $PKG_CONFIG --exists --print-errors ""libpng""
configure:13107: $? = 0
configure:13121: $PKG_CONFIG --exists --print-errors ""libpng""
configure:13124: $? = 0
configure:13164: result: yes
configure:14427: checking that generated files are newer than configure
configure:14433: result: done
configure:14484: creating ./config.status

## ---------------------- ##
## Running config.status. ##
## ---------------------- ##

This file was extended by QRencode config.status 4.0.2, which was
generated by GNU Autoconf 2.69.  Invocation command line was

  CONFIG_FILES    = 
  CONFIG_HEADERS  = 
  CONFIG_LINKS    = 
  CONFIG_COMMANDS = 
  $ ./config.status 

on nDEX

config.status:1123: creating Makefile
config.status:1123: creating libqrencode.pc
config.status:1123: creating tests/Makefile
config.status:1123: creating qrencode.1
config.status:1123: creating config.h
config.status:1352: executing depfiles commands
config.status:1352: executing libtool commands

## ---------------- ##
## Cache variables. ##
## ---------------- ##

ac_cv_build=x86_64-unknown-linux-gnu
ac_cv_c_compiler_gnu=yes
ac_cv_c_const=yes
ac_cv_c_inline=inline
ac_cv_env_CC_set=
ac_cv_env_CC_value=
ac_cv_env_CFLAGS_set=
ac_cv_env_CFLAGS_value=
ac_cv_env_CPPFLAGS_set=
ac_cv_env_CPPFLAGS_value=
ac_cv_env_CPP_set=
ac_cv_env_CPP_value=
ac_cv_env_LDFLAGS_set=
ac_cv_env_LDFLAGS_value=
ac_cv_env_LIBS_set=
ac_cv_env_LIBS_value=
ac_cv_env_LT_SYS_LIBRARY_PATH_set=
ac_cv_env_LT_SYS_LIBRARY_PATH_value=
ac_cv_env_PKG_CONFIG_LIBDIR_set=
ac_cv_env_PKG_CONFIG_LIBDIR_value=
ac_cv_env_PKG_CONFIG_PATH_set=
ac_cv_env_PKG_CONFIG_PATH_value=
ac_cv_env_PKG_CONFIG_set=
ac_cv_env_PKG_CONFIG_value=
ac_cv_env_SDL_CFLAGS_set=
ac_cv_env_SDL_CFLAGS_value=
ac_cv_env_SDL_LIBS_set=
ac_cv_env_SDL_LIBS_value=
ac_cv_env_build_alias_set=
ac_cv_env_build_alias_value=
ac_cv_env_host_alias_set=
ac_cv_env_host_alias_value=
ac_cv_env_png_CFLAGS_set=
ac_cv_env_png_CFLAGS_value=
ac_cv_env_png_LIBS_set=
ac_cv_env_png_LIBS_value=
ac_cv_env_target_alias_set=
ac_cv_env_target_alias_value=
ac_cv_func_strdup=yes
ac_cv_header_dlfcn_h=yes
ac_cv_header_inttypes_h=yes
ac_cv_header_memory_h=yes
ac_cv_header_stdc=yes
ac_cv_header_stdint_h=yes
ac_cv_header_stdlib_h=yes
ac_cv_header_string_h=yes
ac_cv_header_strings_h=yes
ac_cv_header_sys_stat_h=yes
ac_cv_header_sys_types_h=yes
ac_cv_header_unistd_h=yes
ac_cv_host=x86_64-unknown-linux-gnu
ac_cv_lib_pthread_pthread_mutex_init=yes
ac_cv_objext=o
ac_cv_path_EGREP='/bin/grep -E'
ac_cv_path_FGREP='/bin/grep -F'
ac_cv_path_GREP=/bin/grep
ac_cv_path_SED=/bin/sed
ac_cv_path_ac_pt_PKG_CONFIG=/usr/bin/pkg-config
ac_cv_path_install='/usr/bin/install -c'
ac_cv_path_lt_DD=/bin/dd
ac_cv_path_mkdir=/bin/mkdir
ac_cv_prog_AWK=gawk
ac_cv_prog_CPP='gcc -E'
ac_cv_prog_ac_ct_AR=ar
ac_cv_prog_ac_ct_CC=gcc
ac_cv_prog_ac_ct_MANIFEST_TOOL=mt
ac_cv_prog_ac_ct_OBJDUMP=objdump
ac_cv_prog_ac_ct_RANLIB=ranlib
ac_cv_prog_ac_ct_STRIP=strip
ac_cv_prog_cc_c89=
ac_cv_prog_cc_g=yes
ac_cv_prog_make_make_set=yes
ac_cv_target=x86_64-unknown-linux-gnu
am_cv_CC_dependencies_compiler_type=gcc3
am_cv_make_support_nested_variables=yes
am_cv_prog_cc_c_o=yes
lt_cv_ar_at_file=@
lt_cv_archive_cmds_need_lc=no
lt_cv_deplibs_check_method=pass_all
lt_cv_file_magic_cmd='$MAGIC_CMD'
lt_cv_file_magic_test_file=
lt_cv_ld_reload_flag=-r
lt_cv_nm_interface='BSD nm'
lt_cv_objdir=.libs
lt_cv_path_LD=/usr/bin/ld
lt_cv_path_NM='/usr/bin/nm -B'
lt_cv_path_mainfest_tool=no
lt_cv_prog_compiler_c_o=yes
lt_cv_prog_compiler_pic='-fPIC -DPIC'
lt_cv_prog_compiler_pic_works=yes
lt_cv_prog_compiler_rtti_exceptions=no
lt_cv_prog_compiler_static_works=yes
lt_cv_prog_gnu_ld=yes
lt_cv_sharedlib_from_linklib_cmd='printf %s\n'
lt_cv_shlibpath_overrides_runpath=yes
lt_cv_sys_global_symbol_pipe='sed -n -e '\''s/^.*[	 ]\([ABCDGIRSTW][ABCDGIRSTW]*\)[	 ][	 ]*\([_A-Za-z][_A-Za-z0-9]*\)$/\1 \2 \2/p'\'' | sed '\''/ __gnu_lto/d'\'''
lt_cv_sys_global_symbol_to_c_name_address='sed -n -e '\''s/^: \(.*\) .*$/  {"\1", (void *) 0},/p'\'' -e '\''s/^[ABCDGIRSTW][ABCDGIRSTW]* .* \(.*\)$/  {"\1", (void *) \&\1},/p'\'''
lt_cv_sys_global_symbol_to_c_name_address_lib_prefix='sed -n -e '\''s/^: \(.*\) .*$/  {"\1", (void *) 0},/p'\'' -e '\''s/^[ABCDGIRSTW][ABCDGIRSTW]* .* \(lib.*\)$/  {"\1", (void *) \&\1},/p'\'' -e '\''s/^[ABCDGIRSTW][ABCDGIRSTW]* .* \(.*\)$/  {"lib\1", (void *) \&\1},/p'\'''
lt_cv_sys_global_symbol_to_cdecl='sed -n -e '\''s/^T .* \(.*\)$/extern int \1();/p'\'' -e '\''s/^[ABCDGIRSTW][ABCDGIRSTW]* .* \(.*\)$/extern char \1;/p'\'''
lt_cv_sys_global_symbol_to_import=
lt_cv_sys_max_cmd_len=1572864
lt_cv_to_host_file_cmd=func_convert_file_noop
lt_cv_to_tool_file_cmd=func_convert_file_noop
lt_cv_truncate_bin='/bin/dd bs=4096 count=1'
pkg_cv_png_CFLAGS=-I/usr/include/libpng16
pkg_cv_png_LIBS='-lpng16 -lz'

## ----------------- ##
## Output variables. ##
## ----------------- ##

ACLOCAL='${SHELL} /home/ndex/Work/QUANTAEX19/Project/NBC/git-project/qrencode-4.0.2/use/missing aclocal-1.15'
AMDEPBACKSLASH='\'
AMDEP_FALSE='#'
AMDEP_TRUE=''
AMTAR='$${TAR-tar}'
AM_BACKSLASH='\'
AM_DEFAULT_V='$(AM_DEFAULT_VERBOSITY)'
AM_DEFAULT_VERBOSITY='1'
AM_V='$(V)'
AR='ar'
AUTOCONF='${SHELL} /home/ndex/Work/QUANTAEX19/Project/NBC/git-project/qrencode-4.0.2/use/missing autoconf'
AUTOHEADER='${SHELL} /home/ndex/Work/QUANTAEX19/Project/NBC/git-project/qrencode-4.0.2/use/missing autoheader'
AUTOMAKE='${SHELL} /home/ndex/Work/QUANTAEX19/Project/NBC/git-project/qrencode-4.0.2/use/missing automake-1.15'
AWK='gawk'
BUILD_TESTS_FALSE=''
BUILD_TESTS_TRUE='#'
BUILD_TOOLS_FALSE='#'
BUILD_TOOLS_TRUE=''
CC='gcc'
CCDEPMODE='depmode=gcc3'
CFLAGS='-Wall -g -O2 -pthread'
CPP='gcc -E'
CPPFLAGS=''
CYGPATH_W='echo'
DEFS='-DHAVE_CONFIG_H'
DEPDIR='.deps'
DLLTOOL='false'
DSYMUTIL=''
DUMPBIN=''
ECHO_C=''
ECHO_N='-n'
ECHO_T=''
EGREP='/bin/grep -E'
EXEEXT=''
FGREP='/bin/grep -F'
GREP='/bin/grep'
HAVE_LIBPTHREAD_FALSE='#'
HAVE_LIBPTHREAD_TRUE=''
HAVE_PNG_FALSE='#'
HAVE_PNG_TRUE=''
HAVE_SDL_FALSE=''
HAVE_SDL_TRUE='#'
INSTALL_DATA='${INSTALL} -m 644'
INSTALL_PROGRAM='${INSTALL}'
INSTALL_SCRIPT='${INSTALL}'
INSTALL_STRIP_PROGRAM='$(install_sh) -c -s'
LD='/usr/bin/ld -m elf_x86_64'
LDFLAGS=''
LIBICONV=''
LIBOBJS=''
LIBPTHREAD='-lpthread'
LIBS=''
LIBTOOL='$(SHELL) $(top_builddir)/libtool'
LIPO=''
LN_S='ln -s'
LTLIBICONV=''
LTLIBOBJS=''
LT_SYS_LIBRARY_PATH=''
MAJOR_VERSION='4'
MAKEINFO='${SHELL} /home/ndex/Work/QUANTAEX19/Project/NBC/git-project/qrencode-4.0.2/use/missing makeinfo'
MANIFEST_TOOL=':'
MICRO_VERSION='2'
MINGW_FALSE=''
MINGW_TRUE='#'
MINOR_VERSION='0'
MKDIR_P='/bin/mkdir -p'
NM='/usr/bin/nm -B'
NMEDIT=''
OBJDUMP='objdump'
OBJEXT='o'
OTOOL64=''
OTOOL=''
PACKAGE='qrencode'
PACKAGE_BUGREPORT=''
PACKAGE_NAME='QRencode'
PACKAGE_STRING='QRencode 4.0.2'
PACKAGE_TARNAME='qrencode'
PACKAGE_URL=''
PACKAGE_VERSION='4.0.2'
PATH_SEPARATOR=':'
PKG_CONFIG='/usr/bin/pkg-config'
PKG_CONFIG_LIBDIR=''
PKG_CONFIG_PATH=''
RANLIB='ranlib'
SDL_CFLAGS=''
SDL_LIBS=''
SED='/bin/sed'
SET_MAKE=''
SHELL='/bin/bash'
STRIP='strip'
VERSION='4.0.2'
ac_ct_AR='ar'
ac_ct_CC='gcc'
ac_ct_DUMPBIN=''
am__EXEEXT_FALSE=''
am__EXEEXT_TRUE='#'
am__fastdepCC_FALSE='#'
am__fastdepCC_TRUE=''
am__include='include'
am__isrc=''
am__leading_dot='.'
am__nodep='_no'
am__quote=''
am__tar='$${TAR-tar} chof - "$$tardir"'
am__untar='$${TAR-tar} xf -'
bindir='${exec_prefix}/bin'
build='x86_64-unknown-linux-gnu'
build_alias=''
build_cpu='x86_64'
build_os='linux-gnu'
build_vendor='unknown'
datadir='${datarootdir}'
datarootdir='${prefix}/share'
docdir='${datarootdir}/doc/${PACKAGE_TARNAME}'
dvidir='${docdir}'
exec_prefix='${prefix}'
host='x86_64-unknown-linux-gnu'
host_alias=''
host_cpu='x86_64'
host_os='linux-gnu'
host_vendor='unknown'
htmldir='${docdir}'
includedir='${prefix}/include'
infodir='${datarootdir}/info'
install_sh='${SHELL} /home/ndex/Work/QUANTAEX19/Project/NBC/git-project/qrencode-4.0.2/use/install-sh'
libdir='${exec_prefix}/lib'
libexecdir='${exec_prefix}/libexec'
localedir='${datarootdir}/locale'
localstatedir='${prefix}/var'
mandir='${datarootdir}/man'
mkdir_p='$(MKDIR_P)'
oldincludedir='/usr/include'
pdfdir='${docdir}'
png_CFLAGS='-I/usr/include/libpng16'
png_LIBS='-lpng16 -lz'
prefix='/usr/local'
program_transform_name='s,x,x,'
psdir='${docdir}'
runstatedir='${localstatedir}/run'
sbindir='${exec_prefix}/sbin'
sharedstatedir='${prefix}/com'
sysconfdir='${prefix}/etc'
target='x86_64-unknown-linux-gnu'
target_alias=''
target_cpu='x86_64'
target_os='linux-gnu'
target_vendor='unknown'

## ----------- ##
## confdefs.h. ##
## ----------- ##

/* confdefs.h */
#define PACKAGE_NAME "QRencode"
#define PACKAGE_TARNAME "qrencode"
#define PACKAGE_VERSION "4.0.2"
#define PACKAGE_STRING "QRencode 4.0.2"
#define PACKAGE_BUGREPORT ""
#define PACKAGE_URL ""
#define MAJOR_VERSION 4
#define MINOR_VERSION 0
#define MICRO_VERSION 2
#define PACKAGE "qrencode"
#define VERSION "4.0.2"
#define STDC_HEADERS 1
#define HAVE_SYS_TYPES_H 1
#define HAVE_SYS_STAT_H 1
#define HAVE_STDLIB_H 1
#define HAVE_STRING_H 1
#define HAVE_MEMORY_H 1
#define HAVE_STRINGS_H 1
#define HAVE_INTTYPES_H 1
#define HAVE_STDINT_H 1
#define HAVE_UNISTD_H 1
#define HAVE_DLFCN_H 1
#define LT_OBJDIR ".libs/"
#define HAVE_STRDUP 1
#define HAVE_LIBPTHREAD 1
#define HAVE_PNG 1
#define STATIC_IN_RELEASE static
/* #undef WITH_TESTS */

configure: exit 0
